#
# A fatal error has been detected by the Java Runtime Environment:
#
#  Internal Error (javaClasses.cpp:136), pid=5860, tid=6632
#  fatal error: Invalid layout of preloaded class
#
# JRE version:  (7.0_45-b18) (build )
# Java VM: Java HotSpot(TM) 64-Bit Server VM (24.45-b08 mixed mode windows-amd64 compressed oops)
# Failed to write core dump. Minidumps are not enabled by default on client versions of Windows
#
# If you would like to submit a bug report, please visit:
#   http://bugreport.sun.com/bugreport/crash.jsp
#

---------------  T H R E A D  ---------------

Current thread (0x00000000023d0800):  JavaThread "Unknown thread" [_thread_in_vm, id=6632, stack(0x00000000022d0000,0x00000000023d0000)]

Stack: [0x00000000022d0000,0x00000000023d0000]

---------------  P R O C E S S  ---------------

Java Threads: ( => current thread )

Other Threads:

=>0x00000000023d0800 (exited) JavaThread "Unknown thread" [_thread_in_vm, id=6632, stack(0x00000000022d0000,0x00000000023d0000)]

VM state:not at safepoint (not fully initialized)

VM Mutex/Monitor currently owned by a thread: None

GC Heap History (0 events):
No events

Deoptimization events (0 events):
No events

Internal exceptions (0 events):
No events

Events (10 events):
Event: 0.025 loading class 0x000000000240ff90 done
Event: 0.026 loading class 0x000000000240f9b0 done
Event: 0.026 loading class 0x000000000240f990
Event: 0.029 loading class 0x0000000002417aa0
Event: 0.029 loading class 0x0000000002417aa0 done
Event: 0.029 loading class 0x0000000002417ad0
Event: 0.029 loading class 0x0000000002417ad0 done
Event: 0.029 loading class 0x0000000002417b00
Event: 0.029 loading class 0x0000000002417b00 done
Event: 0.029 loading class 0x000000000240f990 done


Dynamic libraries:
0x00007ff709b80000 - 0x00007ff709bb3000 	D:\Program Files\Java\jre7\bin\javaw.exe
0x00007ffde1d50000 - 0x00007ffde1ef6000 	C:\WINDOWS\SYSTEM32\ntdll.dll
0x00007ffddf5d0000 - 0x00007ffddf70a000 	C:\WINDOWS\system32\KERNEL32.DLL
0x00007ffddf240000 - 0x00007ffddf34f000 	C:\WINDOWS\system32\KERNELBASE.dll
0x00007ffdddb30000 - 0x00007ffdddbb8000 	C:\WINDOWS\system32\apphelp.dll
0x00007ffdda9c0000 - 0x00007ffddaa0f000 	C:\WINDOWS\AppPatch\AppPatch64\AcGenral.DLL
0x00007ffddf7a0000 - 0x00007ffddf847000 	C:\WINDOWS\system32\msvcrt.dll
0x00007ffddef00000 - 0x00007ffddef2b000 	C:\WINDOWS\SYSTEM32\SspiCli.dll
0x00007ffde1330000 - 0x00007ffde1381000 	C:\WINDOWS\system32\SHLWAPI.dll
0x00007ffde1390000 - 0x00007ffde1501000 	C:\WINDOWS\system32\USER32.dll
0x00007ffde1510000 - 0x00007ffde1688000 	C:\WINDOWS\system32\ole32.dll
0x00007ffddfa30000 - 0x00007ffde0e3f000 	C:\WINDOWS\system32\SHELL32.dll
0x00007ffddea40000 - 0x00007ffddea5e000 	C:\WINDOWS\SYSTEM32\USERENV.dll
0x00007ffde1280000 - 0x00007ffde1325000 	C:\WINDOWS\system32\ADVAPI32.dll
0x00007ffdd71e0000 - 0x00007ffdd71fb000 	C:\WINDOWS\SYSTEM32\MPR.dll
0x00007ffde0fb0000 - 0x00007ffde10e7000 	C:\WINDOWS\system32\RPCRT4.dll
0x00007ffde1180000 - 0x00007ffde11d7000 	C:\WINDOWS\SYSTEM32\sechost.dll
0x00007ffddf850000 - 0x00007ffddfa26000 	C:\WINDOWS\SYSTEM32\combase.dll
0x00007ffde1690000 - 0x00007ffde17d4000 	C:\WINDOWS\system32\GDI32.dll
0x00007ffddf0c0000 - 0x00007ffddf0d4000 	C:\WINDOWS\SYSTEM32\profapi.dll
0x00007ffddd530000 - 0x00007ffddd5cf000 	C:\WINDOWS\SYSTEM32\SHCORE.dll
0x00007ffde1240000 - 0x00007ffde1274000 	C:\WINDOWS\system32\IMM32.DLL
0x00007ffde1c10000 - 0x00007ffde1d49000 	C:\WINDOWS\system32\MSCTF.dll
0x00007ffddd100000 - 0x00007ffddd35a000 	C:\WINDOWS\WinSxS\amd64_microsoft.windows.common-controls_6595b64144ccf1df_6.0.9600.17031_none_6242a4b3ecbb55a1\COMCTL32.dll
0x0000000055b90000 - 0x0000000055c62000 	D:\Program Files\Java\jre7\bin\msvcr100.dll
0x00000000553c0000 - 0x0000000055b89000 	D:\Program Files\Java\jre7\bin\server\jvm.dll
0x00007ffddcbe0000 - 0x00007ffddcbe9000 	C:\WINDOWS\SYSTEM32\WSOCK32.dll
0x00007ffdd5ed0000 - 0x00007ffdd5eef000 	C:\WINDOWS\SYSTEM32\WINMM.dll
0x00007ffde10f0000 - 0x00007ffde10f7000 	C:\WINDOWS\system32\PSAPI.DLL
0x00007ffde1100000 - 0x00007ffde1158000 	C:\WINDOWS\system32\WS2_32.dll
0x00007ffdd5ea0000 - 0x00007ffdd5eca000 	C:\WINDOWS\SYSTEM32\WINMMBASE.dll
0x00007ffddf790000 - 0x00007ffddf799000 	C:\WINDOWS\system32\NSI.dll
0x00007ffddf580000 - 0x00007ffddf5ca000 	C:\WINDOWS\SYSTEM32\cfgmgr32.dll
0x00007ffddddf0000 - 0x00007ffddde16000 	C:\WINDOWS\SYSTEM32\DEVOBJ.dll
0x00000000553b0000 - 0x00000000553bf000 	D:\Program Files\Java\jre7\bin\verify.dll
0x0000000055380000 - 0x00000000553a8000 	D:\Program Files\Java\jre7\bin\java.dll
0x0000000055360000 - 0x0000000055375000 	D:\Program Files\Java\jre7\bin\zip.dll

VM Arguments:
jvm_args: -Dfile.encoding=GBK -Xbootclasspath:D:\Program Files G\adt-bundle-windows-x86_64-20140702\sdk\platforms\android-20\android.jar 
java_command: com.wangzhenyi.miracleinsperation.MiracleInsperation
Launcher Type: SUN_STANDARD

Environment Variables:
JAVA_HOME=D:\Program Files\Java\jdk1.7.0_45
PATH=C:\Program Files (x86)\Intel\iCLS Client\;C:\Program Files\Intel\iCLS Client\;C:\WINDOWS\system32;C:\WINDOWS;C:\WINDOWS\System32\Wbem;C:\WINDOWS\System32\WindowsPowerShell\v1.0\;C:\Program Files (x86)\Windows Live\Shared;C:\Program Files (x86)\Intel\OpenCL SDK\2.0\bin\x86;C:\Program Files (x86)\Intel\OpenCL SDK\2.0\bin\x64;C:\Program Files\Intel\Intel(R) Management Engine Components\DAL;C:\Program Files\Intel\Intel(R) Management Engine Components\IPT;C:\Program Files (x86)\Intel\Intel(R) Management Engine Components\DAL;C:\Program Files (x86)\Intel\Intel(R) Management Engine Components\IPT;.;D:\Program Files\Java\jdk1.7.0_45\bin; ;D:\Program Files\MySQL\MySQL Utilities 1.3.6\
USERNAME=zheny_000
OS=Windows_NT
PROCESSOR_IDENTIFIER=Intel64 Family 6 Model 58 Stepping 9, GenuineIntel



---------------  S Y S T E M  ---------------

OS: Windows 8 , 64 bit Build 9200 

CPU:total 2 (2 cores per cpu, 1 threads per core) family 6 model 58 stepping 9, cmov, cx8, fxsr, mmx, sse, sse2, sse3, ssse3, sse4.1, sse4.2, popcnt, erms, tsc, tscinvbit, tscinv

Memory: 4k page, physical 4077244k(769580k free), swap 7222972k(2538364k free)

vm_info: Java HotSpot(TM) 64-Bit Server VM (24.45-b08) for windows-amd64 JRE (1.7.0_45-b18), built on Oct  8 2013 05:47:22 by "java_re" with unknown MS VC++:1600

time: Tue Dec 16 11:37:12 2014
elapsed time: 0 seconds

